2025-07-03 09:36:00 | INFO | repo=tictactoe | action=test | passed=true
2025-11-11 15:15:00 | DEBUG | repo=tictactoe | action=commit
2025-11-15 17:13:00 | WARN | repo=tictactoe | action=pull
2025-09-17 14:41:00 | INFO | repo=tictactoe | action=test | passed=true
2025-06-21 18:41:00 | DEBUG | repo=tictactoe | action=commit
2025-04-12 12:10:00 | WARN | repo=tictactoe | action=commit
2025-12-13 19:25:00 | DEBUG | repo=tictactoe | action=commit
2025-08-26 12:42:00 | INFO | repo=tictactoe | action=commit
2025-10-08 17:42:00 | WARN | repo=tictactoe | action=commit
2025-05-08 14:15:00 | DEBUG | repo=tictactoe | action=pull
2025-02-15 18:21:00 | WARN | repo=tictactoe | action=commit
2025-04-02 14:22:00 | WARN | repo=tictactoe | action=commit
2025-01-26 08:24:00 | INFO | repo=tictactoe | action=commit
2025-10-20 15:31:00 | WARN | repo=tictactoe | action=commit
2025-04-13 15:36:00 | DEBUG | repo=tictactoe | action=commit
2025-12-13 10:23:00 | WARN | repo=tictactoe | action=commit
2025-05-09 18:57:00 | DEBUG | repo=tictactoe | action=commit
2025-03-10 21:09:00 | WARN | repo=tictactoe | action=edit | files=5
2025-11-03 07:13:00 | WARN | repo=tictactoe | action=commit
2025-04-06 09:51:00 | DEBUG | repo=tictactoe | action=test | passed=true
2025-03-04 07:38:00 | INFO | repo=tictactoe | action=commit
2025-05-16 18:45:00 | INFO | repo=tictactoe | action=test | passed=true
2025-05-16 07:48:00 | DEBUG | repo=tictactoe | action=commit
2025-05-19 07:28:00 | WARN | repo=tictactoe | action=commit
2025-02-18 13:59:00 | WARN | repo=tictactoe | action=commit
2025-04-01 18:59:00 | INFO | repo=tictactoe | action=commit
2025-05-11 17:06:00 | DEBUG | repo=tictactoe | action=commit
2025-03-12 13:52:00 | DEBUG | repo=tictactoe | action=test | passed=true
2025-02-13 16:47:00 | DEBUG | repo=tictactoe | action=edit | files=5
2025-04-14 21:35:00 | WARN | repo=tictactoe | action=edit | files=2
2025-05-17 15:44:00 | WARN | repo=tictactoe | action=commit
2025-11-06 20:30:00 | DEBUG | repo=tictactoe | action=commit
2025-05-12 19:41:00 | DEBUG | repo=tictactoe | action=commit
2025-04-10 07:39:00 | INFO | repo=tictactoe | action=test | passed=true
2025-11-25 20:05:00 | WARN | repo=tictactoe | action=commit
2025-10-04 17:45:00 | INFO | repo=tictactoe | action=edit | files=3
2025-09-12 11:04:00 | DEBUG | repo=tictactoe | action=commit
2025-05-27 16:18:00 | WARN | repo=tictactoe | action=edit | files=1
2025-09-04 17:30:00 | DEBUG | repo=tictactoe | action=edit | files=3
2025-04-16 10:26:00 | DEBUG | repo=tictactoe | action=commit
2025-04-22 08:22:00 | INFO | repo=tictactoe | action=pull
2025-11-05 11:48:00 | DEBUG | repo=tictactoe | action=commit
2025-06-19 20:53:00 | WARN | repo=tictactoe | action=commit
2025-08-21 07:51:00 | INFO | repo=tictactoe | action=commit
2025-10-16 20:40:00 | INFO | repo=tictactoe | action=commit
2025-04-20 12:30:00 | DEBUG | repo=tictactoe | action=commit
2025-07-28 10:48:00 | DEBUG | repo=tictactoe | action=commit
2025-05-16 14:34:00 | INFO | repo=tictactoe | action=pull
2025-03-04 07:31:00 | DEBUG | repo=tictactoe | action=commit
2025-03-06 07:37:00 | WARN | repo=tictactoe | action=commit
2025-07-22 10:24:00 | WARN | repo=tictactoe | action=test | passed=true
2025-03-28 09:13:00 | DEBUG | repo=tictactoe | action=test | passed=true
2025-06-12 19:25:00 | INFO | repo=tictactoe | action=edit | files=1
2025-11-25 11:46:00 | DEBUG | repo=tictactoe | action=edit | files=4
2025-04-27 07:43:00 | INFO | repo=tictactoe | action=commit
2025-03-09 15:36:00 | INFO | repo=tictactoe | action=edit | files=4
2025-09-23 21:42:00 | INFO | repo=tictactoe | action=commit
2025-09-13 08:20:00 | INFO | repo=tictactoe | action=commit
2025-12-05 20:00:00 | DEBUG | repo=tictactoe | action=edit | files=4
2025-06-19 07:58:00 | WARN | repo=tictactoe | action=commit
2025-07-20 18:36:00 | DEBUG | repo=tictactoe | action=commit
2025-11-10 09:49:00 | INFO | repo=tictactoe | action=test | passed=true
2025-01-10 16:48:00 | DEBUG | repo=tictactoe | action=edit | files=3
2025-05-01 12:10:00 | INFO | repo=tictactoe | action=commit
2025-03-15 09:39:00 | INFO | repo=tictactoe | action=edit | files=3
2025-09-25 09:54:00 | WARN | repo=tictactoe | action=pull
2025-09-18 07:01:00 | WARN | repo=tictactoe | action=commit
2025-12-15 14:13:00 | DEBUG | repo=tictactoe | action=commit
2025-04-01 08:50:00 | INFO | repo=tictactoe | action=commit
2025-04-19 07:17:00 | WARN | repo=tictactoe | action=pull
2025-07-09 07:01:00 | DEBUG | repo=tictactoe | action=commit
2025-01-09 16:24:00 | INFO | repo=tictactoe | action=commit
2025-05-10 18:13:00 | DEBUG | repo=tictactoe | action=commit
2025-01-07 14:13:00 | DEBUG | repo=tictactoe | action=edit | files=1
2025-12-24 20:36:00 | DEBUG | repo=tictactoe | action=pull
2025-05-09 16:53:00 | INFO | repo=tictactoe | action=commit
2025-10-03 07:00:00 | INFO | repo=tictactoe | action=commit
2025-06-28 12:45:00 | DEBUG | repo=tictactoe | action=commit
2025-02-23 11:45:00 | DEBUG | repo=tictactoe | action=commit
2025-11-18 17:58:00 | DEBUG | repo=tictactoe | action=test | passed=true
2025-01-22 21:36:00 | WARN | repo=tictactoe | action=commit
2025-11-13 17:46:00 | WARN | repo=tictactoe | action=pull
2025-09-24 20:53:00 | INFO | repo=tictactoe | action=commit
2025-12-07 21:36:00 | DEBUG | repo=tictactoe | action=test | passed=true
2025-07-06 20:36:00 | WARN | repo=tictactoe | action=commit
2025-10-15 11:35:00 | INFO | repo=tictactoe | action=commit
2025-05-15 13:38:00 | INFO | repo=tictactoe | action=test | passed=true
2025-07-20 16:51:00 | WARN | repo=tictactoe | action=commit
2025-03-26 10:46:00 | DEBUG | repo=tictactoe | action=commit
2025-04-23 19:13:00 | WARN | repo=tictactoe | action=commit
2025-09-26 20:36:00 | DEBUG | repo=tictactoe | action=commit
2025-02-25 21:21:00 | INFO | repo=tictactoe | action=edit | files=2
2025-05-20 18:18:00 | INFO | repo=tictactoe | action=commit
2025-12-13 15:24:00 | INFO | repo=tictactoe | action=commit
2025-10-23 19:33:00 | WARN | repo=tictactoe | action=commit
2025-06-10 13:11:00 | DEBUG | repo=tictactoe | action=commit
2025-04-18 18:18:00 | DEBUG | repo=tictactoe | action=commit
2025-08-13 18:16:00 | INFO | repo=tictactoe | action=commit
2025-02-26 10:18:00 | INFO | repo=tictactoe | action=test | passed=true
2025-05-20 16:59:00 | INFO | repo=tictactoe | action=commit
2025-01-08 19:37:00 | INFO | repo=tictactoe | action=commit
2025-07-10 09:42:00 | DEBUG | repo=tictactoe | action=commit
2025-08-05 17:39:00 | WARN | repo=tictactoe | action=edit | files=5
2025-11-18 21:14:00 | WARN | repo=tictactoe | action=commit
2025-10-16 15:40:00 | INFO | repo=tictactoe | action=test | passed=true
2025-03-18 19:44:00 | INFO | repo=tictactoe | action=commit
2025-12-18 10:02:00 | DEBUG | repo=tictactoe | action=test | passed=true
2025-03-12 20:51:00 | DEBUG | repo=tictactoe | action=commit
2025-05-16 08:39:00 | INFO | repo=tictactoe | action=commit
2025-10-22 15:40:00 | WARN | repo=tictactoe | action=commit
2025-02-26 14:51:00 | DEBUG | repo=tictactoe | action=pull
2025-06-23 11:59:00 | DEBUG | repo=tictactoe | action=commit
2025-11-09 10:19:00 | DEBUG | repo=tictactoe | action=edit | files=2
2025-04-23 08:28:00 | DEBUG | repo=tictactoe | action=edit | files=4
2025-02-02 21:22:00 | DEBUG | repo=tictactoe | action=commit
2025-11-17 20:33:00 | DEBUG | repo=tictactoe | action=commit
2025-05-17 17:55:00 | INFO | repo=tictactoe | action=pull
2025-02-06 13:10:00 | WARN | repo=tictactoe | action=pull
2025-08-25 09:29:00 | DEBUG | repo=tictactoe | action=commit
2025-12-16 13:59:00 | DEBUG | repo=tictactoe | action=test | passed=true
2025-05-06 10:28:00 | WARN | repo=tictactoe | action=edit | files=1
2025-02-24 17:00:00 | INFO | repo=tictactoe | action=commit
2025-06-13 11:53:00 | DEBUG | repo=tictactoe | action=commit
2025-11-11 08:40:00 | WARN | repo=tictactoe | action=commit
2025-12-05 09:52:00 | DEBUG | repo=tictactoe | action=commit
2025-10-28 12:21:00 | DEBUG | repo=tictactoe | action=commit
2025-03-06 10:45:00 | DEBUG | repo=tictactoe | action=commit
2025-02-05 13:08:00 | WARN | repo=tictactoe | action=commit
2025-12-06 07:14:00 | INFO | repo=tictactoe | action=edit | files=3
2025-09-22 08:31:00 | INFO | repo=tictactoe | action=commit
2025-09-05 20:06:00 | WARN | repo=tictactoe | action=commit
2025-07-10 07:44:00 | DEBUG | repo=tictactoe | action=pull
2025-07-12 11:32:00 | WARN | repo=tictactoe | action=test | passed=true
2025-10-20 17:01:00 | DEBUG | repo=tictactoe | action=commit
2025-12-17 18:38:00 | INFO | repo=tictactoe | action=edit | files=4
2025-07-28 15:59:00 | DEBUG | repo=tictactoe | action=commit
2025-01-15 18:12:00 | INFO | repo=tictactoe | action=test | passed=true
2025-06-28 08:33:00 | DEBUG | repo=tictactoe | action=commit
2025-08-15 20:19:00 | INFO | repo=tictactoe | action=commit
2025-12-13 15:47:00 | INFO | repo=tictactoe | action=commit
2025-05-21 11:15:00 | WARN | repo=tictactoe | action=edit | files=2
2025-06-24 19:07:00 | DEBUG | repo=tictactoe | action=commit
2025-06-17 20:18:00 | DEBUG | repo=tictactoe | action=test | passed=true
2025-10-09 10:27:00 | WARN | repo=tictactoe | action=commit
2025-11-03 10:43:00 | DEBUG | repo=tictactoe | action=commit
2025-08-22 11:05:00 | DEBUG | repo=tictactoe | action=pull
2025-11-18 20:49:00 | WARN | repo=tictactoe | action=edit | files=3
2025-07-24 09:30:00 | DEBUG | repo=tictactoe | action=commit
2025-04-13 20:59:00 | DEBUG | repo=tictactoe | action=commit
2025-12-18 15:33:00 | INFO | repo=tictactoe | action=pull
2025-02-09 20:20:00 | WARN | repo=tictactoe | action=test | passed=true
2025-12-18 11:18:00 | DEBUG | repo=tictactoe | action=test | passed=true
2025-03-25 21:40:00 | INFO | repo=tictactoe | action=commit
2025-01-03 16:56:00 | WARN | repo=tictactoe | action=commit
2025-07-03 15:55:00 | INFO | repo=tictactoe | action=test | passed=true
2025-12-17 10:31:00 | INFO | repo=tictactoe | action=edit | files=1
2025-05-03 20:02:00 | WARN | repo=tictactoe | action=commit
2025-10-17 19:45:00 | DEBUG | repo=tictactoe | action=commit
2025-10-01 19:23:00 | WARN | repo=tictactoe | action=commit
2025-12-26 16:57:00 | WARN | repo=tictactoe | action=commit
2025-08-10 20:32:00 | DEBUG | repo=tictactoe | action=commit
2025-01-01 16:32:00 | WARN | repo=tictactoe | action=commit
2025-07-09 15:57:00 | WARN | repo=tictactoe | action=commit
2025-06-03 18:07:00 | INFO | repo=tictactoe | action=test | passed=true
2025-04-16 13:18:00 | DEBUG | repo=tictactoe | action=commit
2025-09-02 17:41:00 | DEBUG | repo=tictactoe | action=commit
2025-11-15 09:18:00 | DEBUG | repo=tictactoe | action=commit
2025-01-06 13:59:00 | INFO | repo=tictactoe | action=commit
2025-08-02 13:20:00 | INFO | repo=tictactoe | action=commit
2025-11-06 15:56:00 | DEBUG | repo=tictactoe | action=commit
